<?xml version="1.0" encoding="UTF-8"?>
<coverage generated="1705335949692" clover="3.2.0">
  <project timestamp="1705335949692" name="All files">
    <metrics statements="7" coveredstatements="5" conditionals="4" coveredconditionals="1" methods="1" coveredmethods="1" elements="12" coveredelements="7" complexity="0" loc="7" ncloc="7" packages="1" files="1" classes="1"/>
    <file name="validations.js" path="C:\Users\henjr\Desktop\DEVOPS\HENRY_OBEDEKAH_Devops_Exam2024-2\src\services\validations.js">
      <metrics statements="7" coveredstatements="5" conditionals="4" coveredconditionals="1" methods="1" coveredmethods="1"/>
      <line num="2" count="1" type="stmt"/>
      <line num="3" count="3" type="stmt"/>
      <line num="5" count="3" type="stmt"/>
      <line num="6" count="3" type="cond" truecount="1" falsecount="3"/>
      <line num="7" count="0" type="stmt"/>
      <line num="11" count="0" type="stmt"/>
      <line num="14" count="1" type="stmt"/>
    </file>
  </project>
</coverage>
