{"C:\\Users\\henjr\\Desktop\\DEVOPS\\HENRY_OBEDEKAH_Devops_Exam2024-2\\src\\services\\validations.js": {"path":"C:\\Users\\henjr\\Desktop\\DEVOPS\\HENRY_OBEDEKAH_Devops_Exam2024-2\\src\\services\\validations.js","statementMap":{"0":{"start":{"line":2,"column":16},"end":{"line":7,"column":1}},"1":{"start":{"line":3,"column":4},"end":{"line":5,"column":5}},"2":{"start":{"line":4,"column":8},"end":{"line":4,"column":20}},"3":{"start":{"line":6,"column":4},"end":{"line":6,"column":17}},"4":{"start":{"line":8,"column":0},"end":{"line":8,"column":26}}},"fnMap":{"0":{"name":"(anonymous_0)","decl":{"start":{"line":2,"column":16},"end":{"line":2,"column":17}},"loc":{"start":{"line":2,"column":30},"end":{"line":7,"column":1}},"line":2}},"branchMap":{"0":{"loc":{"start":{"line":3,"column":4},"end":{"line":5,"column":5}},"type":"if","locations":[{"start":{"line":3,"column":4},"end":{"line":5,"column":5}},{"start":{},"end":{}}],"line":3}},"s":{"0":1,"1":3,"2":1,"3":2,"4":1},"f":{"0":3},"b":{"0":[1,2]},"_coverageSchema":"1a1c01bbd47fc00a2c39e90264f33305004495a9","hash":"aba6fa845149b631525e38a00a6e735b5b677fd7"}
}
