{"C:\\Users\\henjr\\Desktop\\DEVOPS\\HENRY_OBEDEKAH_Devops_Exam2024-2\\src\\services\\validations.js": {"path":"C:\\Users\\henjr\\Desktop\\DEVOPS\\HENRY_OBEDEKAH_Devops_Exam2024-2\\src\\services\\validations.js","statementMap":{"0":{"start":{"line":2,"column":16},"end":{"line":12,"column":1}},"1":{"start":{"line":3,"column":30},"end":{"line":3,"column":65}},"2":{"start":{"line":5,"column":4},"end":{"line":9,"column":9}},"3":{"start":{"line":5,"column":17},"end":{"line":5,"column":18}},"4":{"start":{"line":6,"column":12},"end":{"line":8,"column":13}},"5":{"start":{"line":7,"column":16},"end":{"line":7,"column":28}},"6":{"start":{"line":11,"column":4},"end":{"line":11,"column":17}},"7":{"start":{"line":14,"column":0},"end":{"line":14,"column":26}}},"fnMap":{"0":{"name":"(anonymous_0)","decl":{"start":{"line":2,"column":16},"end":{"line":2,"column":17}},"loc":{"start":{"line":2,"column":30},"end":{"line":12,"column":1}},"line":2}},"branchMap":{"0":{"loc":{"start":{"line":6,"column":12},"end":{"line":8,"column":13}},"type":"if","locations":[{"start":{"line":6,"column":12},"end":{"line":8,"column":13}},{"start":{},"end":{}}],"line":6},"1":{"loc":{"start":{"line":6,"column":15},"end":{"line":6,"column":101}},"type":"binary-expr","locations":[{"start":{"line":6,"column":15},"end":{"line":6,"column":53}},{"start":{"line":6,"column":57},"end":{"line":6,"column":76}},{"start":{"line":6,"column":80},"end":{"line":6,"column":101}}],"line":6}},"s":{"0":1,"1":4,"2":4,"3":4,"4":4,"5":0,"6":0,"7":1},"f":{"0":4},"b":{"0":[0,0],"1":[4,0,0]},"_coverageSchema":"1a1c01bbd47fc00a2c39e90264f33305004495a9","hash":"1e2a5722636c1f44c438cd048ddcbbb15ae38f1d"}
}
